{
  "RSpec": {
    "coverage": {
      "/home/gabrielguedine/recruiters_app/app/models/job.rb": {
        "lines": [
          1,
          1,
          null,
          1,
          null,
          null,
          null,
          null,
          1,
          1,
          null,
          1,
          null,
          2,
          null
        ]
      },
      "/home/gabrielguedine/recruiters_app/app/models/application_record.rb": {
        "lines": [
          1,
          1,
          1,
          null
        ]
      },
      "/home/gabrielguedine/recruiters_app/app/models/concerns/active_record_extras.rb": {
        "lines": [
          1,
          1,
          0,
          0,
          0,
          null,
          null,
          1,
          0,
          0,
          0,
          null,
          null,
          null,
          null,
          1
        ]
      },
      "/home/gabrielguedine/recruiters_app/app/models/concerns/filterable.rb": {
        "lines": [
          1,
          1,
          1,
          null,
          1,
          5,
          null,
          null,
          1,
          3,
          3,
          4,
          null,
          3,
          null,
          null,
          null,
          null,
          null
        ]
      },
      "/home/gabrielguedine/recruiters_app/app/models/recruiter.rb": {
        "lines": [
          1,
          1,
          1,
          null,
          1,
          1,
          1,
          null,
          null
        ]
      },
      "/home/gabrielguedine/recruiters_app/app/models/submission.rb": {
        "lines": [
          1,
          1,
          null,
          1,
          1,
          null,
          null
        ]
      },
      "/home/gabrielguedine/recruiters_app/app/controllers/api/login_controller.rb": {
        "lines": [
          1,
          1,
          1,
          null,
          1,
          2,
          2,
          1,
          1,
          null,
          1,
          null,
          null,
          null,
          1,
          1,
          null,
          null,
          1,
          null,
          1,
          2,
          null,
          null
        ]
      },
      "/home/gabrielguedine/recruiters_app/app/controllers/authorization_controller.rb": {
        "lines": [
          1,
          null,
          1,
          null,
          4,
          null,
          null,
          1,
          null,
          102,
          null,
          null,
          1,
          52,
          50,
          null,
          null,
          50,
          0,
          0,
          null,
          null,
          null,
          null,
          1,
          27,
          25,
          25,
          null,
          null,
          null,
          1,
          27,
          null,
          null,
          1,
          27,
          null,
          null,
          1,
          4,
          null,
          null,
          1,
          null,
          13,
          13,
          null,
          null
        ]
      },
      "/home/gabrielguedine/recruiters_app/app/controllers/api/public/jobs_controller.rb": {
        "lines": [
          1,
          1,
          null,
          null,
          null,
          null,
          1,
          2,
          null,
          null,
          null,
          null,
          1,
          null,
          null,
          1,
          1,
          1,
          null,
          null,
          1,
          2,
          null,
          null,
          null
        ]
      },
      "/home/gabrielguedine/recruiters_app/app/controllers/application_controller.rb": {
        "lines": [
          1,
          null,
          1,
          0,
          null,
          null
        ]
      },
      "/home/gabrielguedine/recruiters_app/app/controllers/api/public/submissions_controller.rb": {
        "lines": [
          1,
          null,
          null,
          null,
          1,
          4,
          4,
          2,
          null,
          2,
          null,
          null,
          null,
          1,
          null,
          1,
          0,
          null,
          null,
          null,
          1,
          4,
          null,
          null
        ]
      },
      "/home/gabrielguedine/recruiters_app/app/controllers/api/recruiters/jobs_controller.rb": {
        "lines": [
          1,
          1,
          1,
          null,
          null,
          null,
          1,
          1,
          null,
          null,
          null,
          null,
          1,
          null,
          null,
          null,
          null,
          1,
          3,
          null,
          3,
          2,
          null,
          1,
          null,
          null,
          null,
          null,
          null,
          1,
          3,
          2,
          null,
          1,
          null,
          null,
          null,
          null,
          null,
          1,
          1,
          null,
          null,
          1,
          null,
          1,
          5,
          null,
          null,
          null,
          1,
          6,
          null,
          null
        ]
      },
      "/home/gabrielguedine/recruiters_app/app/controllers/api/recruiters/submissions_controller.rb": {
        "lines": [
          1,
          1,
          1,
          null,
          null,
          null,
          1,
          1,
          null,
          null,
          null,
          null,
          1,
          null,
          null,
          null,
          null,
          1,
          3,
          null,
          3,
          2,
          null,
          1,
          null,
          null,
          null,
          null,
          null,
          1,
          3,
          2,
          null,
          1,
          null,
          null,
          null,
          null,
          null,
          1,
          1,
          null,
          null,
          1,
          null,
          1,
          5,
          null,
          null,
          null,
          1,
          6,
          null,
          null
        ]
      },
      "/home/gabrielguedine/recruiters_app/app/controllers/api/recruiters_controller.rb": {
        "lines": [
          1,
          1,
          1,
          null,
          null,
          null,
          1,
          2,
          null,
          null,
          null,
          null,
          1,
          null,
          null,
          null,
          null,
          1,
          4,
          null,
          4,
          1,
          1,
          null,
          3,
          null,
          null,
          null,
          null,
          null,
          1,
          3,
          2,
          2,
          null,
          1,
          null,
          null,
          null,
          null,
          null,
          1,
          1,
          null,
          null,
          1,
          null,
          1,
          4,
          null,
          null,
          null,
          1,
          7,
          null,
          null
        ]
      }
    },
    "timestamp": 1648623878
  }
}
